<?xml version="1.0" encoding="UTF-8"?>
<testng-results ignored="0" total="1" passed="1" failed="0" skipped="0">
  <reporter-output>
  </reporter-output>
  <suite started-at="2024-01-02T19:06:09 AST" name="Default suite" finished-at="2024-01-02T19:06:12 AST" duration-ms="2467">
    <groups>
    </groups>
    <test started-at="2024-01-02T19:06:09 AST" name="Default test" finished-at="2024-01-02T19:06:12 AST" duration-ms="2467">
      <class name="com.webapp.Utilities.Reporting">
        <test-method signature="extenttest()[pri:0, instance:com.webapp.Utilities.Reporting@747ddf94]" started-at="2024-01-02T19:06:10 AST" name="extenttest" finished-at="2024-01-02T19:06:12 AST" duration-ms="2350" status="PASS">
          <reporter-output>
          </reporter-output>
        </test-method> <!-- extenttest -->
      </class> <!-- com.webapp.Utilities.Reporting -->
    </test> <!-- Default test -->
  </suite> <!-- Default suite -->
</testng-results>
